# JRE version: OpenJDK Runtime Environment JBR-17.0.14+1-1367.22-nomod (17.0.14+1) (build 17.0.14+1-b1367.22)
# Java VM: OpenJDK 64-Bit Server VM JBR-17.0.14+1-1367.22-nomod (17.0.14+1-b1367.22, mixed mode, sharing, tiered, compressed oops, compressed class ptrs, g1 gc, windows-amd64)
GC Precious Log:
 CPUs: 16 total, 16 available
 Memory: 15591M
 Large Page Support: Disabled
 NUMA Support: Disabled
 Compressed Oops: Enabled (32-bit)
 Heap Region Size: 1M
 Heap Min Capacity: 8M
 Heap Initial Capacity: 244M
 Heap Max Capacity: 2G
 Pre-touch: Disabled
 Parallel Workers: 13
 Concurrent Workers: 3
 Concurrent Refinement Workers: 13
 Periodic GC: Disabled
Heap:
 garbage-first heap   total 194560K, used 86910K [0x0000000080000000, 0x0000000100000000)
  region size 1024K, 4 young (4096K), 4 survivors (4096K)
 Metaspace       used 63185K, committed 63872K, reserved 1114112K
  class space    used 8352K, committed 8640K, reserved 1048576K
GC Heap History (20 events):
Event: 19.660 GC heap after
{Heap after GC invocations=28 (full 0):
 garbage-first heap   total 194560K, used 77512K [0x0000000080000000, 0x0000000100000000)
  region size 1024K, 8 young (8192K), 8 survivors (8192K)
 Metaspace       used 62698K, committed 63296K, reserved 1114112K
  class space    used 8325K, committed 8576K, reserved 1048576K
}
Event: 21.799 GC heap before
{Heap before GC invocations=28 (full 0):
 garbage-first heap   total 194560K, used 163528K [0x0000000080000000, 0x0000000100000000)
  region size 1024K, 92 young (94208K), 8 survivors (8192K)
 Metaspace       used 63053K, committed 63680K, reserved 1114112K
  class space    used 8348K, committed 8640K, reserved 1048576K
}
Event: 21.802 GC heap after
{Heap after GC invocations=29 (full 0):
 garbage-first heap   total 194560K, used 78548K [0x0000000080000000, 0x0000000100000000)
  region size 1024K, 5 young (5120K), 5 survivors (5120K)
 Metaspace       used 63053K, committed 63680K, reserved 1114112K
  class space    used 8348K, committed 8640K, reserved 1048576K
}
Event: 25.210 GC heap before
{Heap before GC invocations=29 (full 0):
 garbage-first heap   total 194560K, used 163540K [0x0000000080000000, 0x0000000100000000)
  region size 1024K, 88 young (90112K), 5 survivors (5120K)
 Metaspace       used 63088K, committed 63744K, reserved 1114112K
  class space    used 8348K, committed 8640K, reserved 1048576K
}
Event: 25.213 GC heap after
{Heap after GC invocations=30 (full 0):
 garbage-first heap   total 194560K, used 78283K [0x0000000080000000, 0x0000000100000000)
  region size 1024K, 4 young (4096K), 4 survivors (4096K)
 Metaspace       used 63088K, committed 63744K, reserved 1114112K
  class space    used 8348K, committed 8640K, reserved 1048576K
}
Event: 27.737 GC heap before
{Heap before GC invocations=30 (full 0):
 garbage-first heap   total 194560K, used 169419K [0x0000000080000000, 0x0000000100000000)
  region size 1024K, 90 young (92160K), 4 survivors (4096K)
 Metaspace       used 63136K, committed 63744K, reserved 1114112K
  class space    used 8348K, committed 8640K, reserved 1048576K
}
Event: 27.740 GC heap after
{Heap after GC invocations=31 (full 0):
 garbage-first heap   total 194560K, used 78488K [0x0000000080000000, 0x0000000100000000)
  region size 1024K, 5 young (5120K), 5 survivors (5120K)
 Metaspace       used 63136K, committed 63744K, reserved 1114112K
  class space    used 8348K, committed 8640K, reserved 1048576K
}
Event: 27.842 GC heap before
{Heap before GC invocations=31 (full 0):
 garbage-first heap   total 194560K, used 169624K [0x0000000080000000, 0x0000000100000000)
  region size 1024K, 91 young (93184K), 5 survivors (5120K)
 Metaspace       used 63141K, committed 63744K, reserved 1114112K
  class space    used 8348K, committed 8640K, reserved 1048576K
}
Event: 27.845 GC heap after
{Heap after GC invocations=32 (full 0):
 garbage-first heap   total 194560K, used 84463K [0x0000000080000000, 0x0000000100000000)
  region size 1024K, 6 young (6144K), 6 survivors (6144K)
 Metaspace       used 63141K, committed 63744K, reserved 1114112K
  class space    used 8348K, committed 8640K, reserved 1048576K
}
Event: 27.902 GC heap before
{Heap before GC invocations=32 (full 0):
 garbage-first heap   total 194560K, used 166383K [0x0000000080000000, 0x0000000100000000)
  region size 1024K, 88 young (90112K), 6 survivors (6144K)
 Metaspace       used 63144K, committed 63744K, reserved 1114112K
  class space    used 8348K, committed 8640K, reserved 1048576K
}
Event: 27.905 GC heap after
{Heap after GC invocations=33 (full 0):
 garbage-first heap   total 194560K, used 85563K [0x0000000080000000, 0x0000000100000000)
  region size 1024K, 8 young (8192K), 8 survivors (8192K)
 Metaspace       used 63144K, committed 63744K, reserved 1114112K
  class space    used 8348K, committed 8640K, reserved 1048576K
}
Event: 27.955 GC heap before
{Heap before GC invocations=33 (full 0):
 garbage-first heap   total 194560K, used 164411K [0x0000000080000000, 0x0000000100000000)
  region size 1024K, 86 young (88064K), 8 survivors (8192K)
 Metaspace       used 63161K, committed 63744K, reserved 1114112K
  class space    used 8348K, committed 8640K, reserved 1048576K
}
Event: 27.958 GC heap after
{Heap after GC invocations=34 (full 0):
 garbage-first heap   total 194560K, used 85927K [0x0000000080000000, 0x0000000100000000)
  region size 1024K, 6 young (6144K), 6 survivors (6144K)
 Metaspace       used 63161K, committed 63744K, reserved 1114112K
  class space    used 8348K, committed 8640K, reserved 1048576K
}
Event: 28.008 GC heap before
{Heap before GC invocations=34 (full 0):
 garbage-first heap   total 194560K, used 166823K [0x0000000080000000, 0x0000000100000000)
  region size 1024K, 86 young (88064K), 6 survivors (6144K)
 Metaspace       used 63168K, committed 63808K, reserved 1114112K
  class space    used 8348K, committed 8640K, reserved 1048576K
}
Event: 28.010 GC heap after
{Heap after GC invocations=35 (full 0):
 garbage-first heap   total 194560K, used 86335K [0x0000000080000000, 0x0000000100000000)
  region size 1024K, 6 young (6144K), 6 survivors (6144K)
 Metaspace       used 63168K, committed 63808K, reserved 1114112K
  class space    used 8348K, committed 8640K, reserved 1048576K
}
Event: 28.059 GC heap before
{Heap before GC invocations=35 (full 0):
 garbage-first heap   total 194560K, used 168255K [0x0000000080000000, 0x0000000100000000)
  region size 1024K, 86 young (88064K), 6 survivors (6144K)
 Metaspace       used 63172K, committed 63808K, reserved 1114112K
  class space    used 8349K, committed 8640K, reserved 1048576K
}
Event: 28.061 GC heap after
{Heap after GC invocations=36 (full 0):
 garbage-first heap   total 194560K, used 88429K [0x0000000080000000, 0x0000000100000000)
  region size 1024K, 7 young (7168K), 7 survivors (7168K)
 Metaspace       used 63172K, committed 63808K, reserved 1114112K
  class space    used 8349K, committed 8640K, reserved 1048576K
}
Event: 28.107 GC heap before
{Heap before GC invocations=36 (full 0):
 garbage-first heap   total 194560K, used 166253K [0x0000000080000000, 0x0000000100000000)
  region size 1024K, 84 young (86016K), 7 survivors (7168K)
 Metaspace       used 63184K, committed 63872K, reserved 1114112K
  class space    used 8352K, committed 8640K, reserved 1048576K
}
Event: 28.111 GC heap after
{Heap after GC invocations=37 (full 0):
 garbage-first heap   total 194560K, used 89812K [0x0000000080000000, 0x0000000100000000)
  region size 1024K, 7 young (7168K), 7 survivors (7168K)
 Metaspace       used 63184K, committed 63872K, reserved 1114112K
  class space    used 8352K, committed 8640K, reserved 1048576K
}
Event: 28.155 GC heap before
{Heap before GC invocations=37 (full 0):
 garbage-first heap   total 194560K, used 167636K [0x0000000080000000, 0x0000000100000000)
  region size 1024K, 84 young (86016K), 7 survivors (7168K)
 Metaspace       used 63185K, committed 63872K, reserved 1114112K
  class space    used 8352K, committed 8640K, reserved 1048576K
}

